<?xml version="1.0" encoding="UTF-8"?>
<testsuite xmlns:xsi="http://www.w3.org/2001/XMLSchema-instance" xsi:noNamespaceSchemaLocation="https://maven.apache.org/surefire/maven-surefire-plugin/xsd/surefire-test-report.xsd" name="MainTests" time="0.382" tests="0" errors="0" skipped="0" failures="0">
  <properties>
    <property name="java.specification.version" value="14"/>
    <property name="sun.jnu.encoding" value="UTF-8"/>
    <property name="java.class.path" value="/home/jlr/Desktop/CICLO5/Ing Software/Final/efinal-julisa-lapa/vaccination-app/target/test-classes:/home/jlr/Desktop/CICLO5/Ing Software/Final/efinal-julisa-lapa/vaccination-app/target/classes:/home/jlr/.m2/repository/org/testng/testng/7.3.0/testng-7.3.0.jar:/home/jlr/.m2/repository/com/beust/jcommander/1.78/jcommander-1.78.jar:/home/jlr/.m2/repository/org/apache/ant/ant/1.10.3/ant-1.10.3.jar:/home/jlr/.m2/repository/org/apache/ant/ant-launcher/1.10.3/ant-launcher-1.10.3.jar:/home/jlr/.m2/repository/junit/junit/4.12/junit-4.12.jar:/home/jlr/.m2/repository/org/hamcrest/hamcrest-core/1.3/hamcrest-core-1.3.jar:/home/jlr/.m2/repository/com/google/inject/guice/4.2.2/guice-4.2.2-no_aop.jar:/home/jlr/.m2/repository/javax/inject/javax.inject/1/javax.inject-1.jar:/home/jlr/.m2/repository/aopalliance/aopalliance/1.0/aopalliance-1.0.jar:/home/jlr/.m2/repository/com/google/guava/guava/25.1-android/guava-25.1-android.jar:/home/jlr/.m2/repository/com/google/code/findbugs/jsr305/3.0.2/jsr305-3.0.2.jar:/home/jlr/.m2/repository/org/checkerframework/checker-compat-qual/2.0.0/checker-compat-qual-2.0.0.jar:/home/jlr/.m2/repository/com/google/errorprone/error_prone_annotations/2.1.3/error_prone_annotations-2.1.3.jar:/home/jlr/.m2/repository/com/google/j2objc/j2objc-annotations/1.1/j2objc-annotations-1.1.jar:/home/jlr/.m2/repository/org/codehaus/mojo/animal-sniffer-annotations/1.14/animal-sniffer-annotations-1.14.jar:/home/jlr/.m2/repository/org/yaml/snakeyaml/1.21/snakeyaml-1.21.jar:/home/jlr/.m2/repository/org/junit/jupiter/junit-jupiter/5.8.0-M1/junit-jupiter-5.8.0-M1.jar:/home/jlr/.m2/repository/org/junit/jupiter/junit-jupiter-api/5.8.0-M1/junit-jupiter-api-5.8.0-M1.jar:/home/jlr/.m2/repository/org/apiguardian/apiguardian-api/1.1.1/apiguardian-api-1.1.1.jar:/home/jlr/.m2/repository/org/opentest4j/opentest4j/1.2.0/opentest4j-1.2.0.jar:/home/jlr/.m2/repository/org/junit/platform/junit-platform-commons/1.8.0-M1/junit-platform-commons-1.8.0-M1.jar:/home/jlr/.m2/repository/org/junit/jupiter/junit-jupiter-params/5.8.0-M1/junit-jupiter-params-5.8.0-M1.jar:/home/jlr/.m2/repository/org/junit/jupiter/junit-jupiter-engine/5.8.0-M1/junit-jupiter-engine-5.8.0-M1.jar:/home/jlr/.m2/repository/org/junit/platform/junit-platform-engine/1.8.0-M1/junit-platform-engine-1.8.0-M1.jar:/home/jlr/.m2/repository/org/jetbrains/kotlin/kotlin-stdlib-jdk8/1.4.20/kotlin-stdlib-jdk8-1.4.20.jar:/home/jlr/.m2/repository/org/jetbrains/kotlin/kotlin-stdlib/1.4.20/kotlin-stdlib-1.4.20.jar:/home/jlr/.m2/repository/org/jetbrains/kotlin/kotlin-stdlib-common/1.4.20/kotlin-stdlib-common-1.4.20.jar:/home/jlr/.m2/repository/org/jetbrains/annotations/13.0/annotations-13.0.jar:/home/jlr/.m2/repository/org/jetbrains/kotlin/kotlin-stdlib-jdk7/1.4.20/kotlin-stdlib-jdk7-1.4.20.jar:"/>
    <property name="java.vm.vendor" value="Private Build"/>
    <property name="sun.arch.data.model" value="64"/>
    <property name="java.vendor.url" value="Unknown"/>
    <property name="os.name" value="Linux"/>
    <property name="java.vm.specification.version" value="14"/>
    <property name="sun.java.launcher" value="SUN_STANDARD"/>
    <property name="user.country" value="US"/>
    <property name="sun.boot.library.path" value="/usr/lib/jvm/java-14-openjdk-amd64/lib"/>
    <property name="sun.java.command" value="/home/jlr/Desktop/CICLO5/Ing Software/Final/efinal-julisa-lapa/vaccination-app/target/surefire/surefirebooter15883166933982953467.jar /home/jlr/Desktop/CICLO5/Ing Software/Final/efinal-julisa-lapa/vaccination-app/target/surefire 2021-07-26T18-15-27_861-jvmRun1 surefire14640015935891563295tmp surefire_04886261063006507773tmp"/>
    <property name="jdk.debug" value="release"/>
    <property name="surefire.test.class.path" value="/home/jlr/Desktop/CICLO5/Ing Software/Final/efinal-julisa-lapa/vaccination-app/target/test-classes:/home/jlr/Desktop/CICLO5/Ing Software/Final/efinal-julisa-lapa/vaccination-app/target/classes:/home/jlr/.m2/repository/org/testng/testng/7.3.0/testng-7.3.0.jar:/home/jlr/.m2/repository/com/beust/jcommander/1.78/jcommander-1.78.jar:/home/jlr/.m2/repository/org/apache/ant/ant/1.10.3/ant-1.10.3.jar:/home/jlr/.m2/repository/org/apache/ant/ant-launcher/1.10.3/ant-launcher-1.10.3.jar:/home/jlr/.m2/repository/junit/junit/4.12/junit-4.12.jar:/home/jlr/.m2/repository/org/hamcrest/hamcrest-core/1.3/hamcrest-core-1.3.jar:/home/jlr/.m2/repository/com/google/inject/guice/4.2.2/guice-4.2.2-no_aop.jar:/home/jlr/.m2/repository/javax/inject/javax.inject/1/javax.inject-1.jar:/home/jlr/.m2/repository/aopalliance/aopalliance/1.0/aopalliance-1.0.jar:/home/jlr/.m2/repository/com/google/guava/guava/25.1-android/guava-25.1-android.jar:/home/jlr/.m2/repository/com/google/code/findbugs/jsr305/3.0.2/jsr305-3.0.2.jar:/home/jlr/.m2/repository/org/checkerframework/checker-compat-qual/2.0.0/checker-compat-qual-2.0.0.jar:/home/jlr/.m2/repository/com/google/errorprone/error_prone_annotations/2.1.3/error_prone_annotations-2.1.3.jar:/home/jlr/.m2/repository/com/google/j2objc/j2objc-annotations/1.1/j2objc-annotations-1.1.jar:/home/jlr/.m2/repository/org/codehaus/mojo/animal-sniffer-annotations/1.14/animal-sniffer-annotations-1.14.jar:/home/jlr/.m2/repository/org/yaml/snakeyaml/1.21/snakeyaml-1.21.jar:/home/jlr/.m2/repository/org/junit/jupiter/junit-jupiter/5.8.0-M1/junit-jupiter-5.8.0-M1.jar:/home/jlr/.m2/repository/org/junit/jupiter/junit-jupiter-api/5.8.0-M1/junit-jupiter-api-5.8.0-M1.jar:/home/jlr/.m2/repository/org/apiguardian/apiguardian-api/1.1.1/apiguardian-api-1.1.1.jar:/home/jlr/.m2/repository/org/opentest4j/opentest4j/1.2.0/opentest4j-1.2.0.jar:/home/jlr/.m2/repository/org/junit/platform/junit-platform-commons/1.8.0-M1/junit-platform-commons-1.8.0-M1.jar:/home/jlr/.m2/repository/org/junit/jupiter/junit-jupiter-params/5.8.0-M1/junit-jupiter-params-5.8.0-M1.jar:/home/jlr/.m2/repository/org/junit/jupiter/junit-jupiter-engine/5.8.0-M1/junit-jupiter-engine-5.8.0-M1.jar:/home/jlr/.m2/repository/org/junit/platform/junit-platform-engine/1.8.0-M1/junit-platform-engine-1.8.0-M1.jar:/home/jlr/.m2/repository/org/jetbrains/kotlin/kotlin-stdlib-jdk8/1.4.20/kotlin-stdlib-jdk8-1.4.20.jar:/home/jlr/.m2/repository/org/jetbrains/kotlin/kotlin-stdlib/1.4.20/kotlin-stdlib-1.4.20.jar:/home/jlr/.m2/repository/org/jetbrains/kotlin/kotlin-stdlib-common/1.4.20/kotlin-stdlib-common-1.4.20.jar:/home/jlr/.m2/repository/org/jetbrains/annotations/13.0/annotations-13.0.jar:/home/jlr/.m2/repository/org/jetbrains/kotlin/kotlin-stdlib-jdk7/1.4.20/kotlin-stdlib-jdk7-1.4.20.jar:"/>
    <property name="sun.cpu.endian" value="little"/>
    <property name="user.home" value="/home/jlr"/>
    <property name="user.language" value="en"/>
    <property name="java.specification.vendor" value="Oracle Corporation"/>
    <property name="java.version.date" value="2020-07-14"/>
    <property name="java.home" value="/usr/lib/jvm/java-14-openjdk-amd64"/>
    <property name="file.separator" value="/"/>
    <property name="basedir" value="/home/jlr/Desktop/CICLO5/Ing Software/Final/efinal-julisa-lapa/vaccination-app"/>
    <property name="java.vm.compressedOopsMode" value="Zero based"/>
    <property name="line.separator" value="&#10;"/>
    <property name="java.vm.specification.vendor" value="Oracle Corporation"/>
    <property name="java.specification.name" value="Java Platform API Specification"/>
    <property name="surefire.real.class.path" value="/home/jlr/Desktop/CICLO5/Ing Software/Final/efinal-julisa-lapa/vaccination-app/target/surefire/surefirebooter15883166933982953467.jar"/>
    <property name="sun.management.compiler" value="HotSpot 64-Bit Tiered Compilers"/>
    <property name="java.runtime.version" value="14.0.2+12-Ubuntu-120.04"/>
    <property name="user.name" value="jlr"/>
    <property name="path.separator" value=":"/>
    <property name="os.version" value="5.11.0-7614-generic"/>
    <property name="java.runtime.name" value="OpenJDK Runtime Environment"/>
    <property name="file.encoding" value="UTF-8"/>
    <property name="java.vm.name" value="OpenJDK 64-Bit Server VM"/>
    <property name="localRepository" value="/home/jlr/.m2/repository"/>
    <property name="java.vendor.url.bug" value="Unknown"/>
    <property name="java.io.tmpdir" value="/tmp"/>
    <property name="java.version" value="14.0.2"/>
    <property name="user.dir" value="/home/jlr/Desktop/CICLO5/Ing Software/Final/efinal-julisa-lapa/vaccination-app"/>
    <property name="os.arch" value="amd64"/>
    <property name="java.vm.specification.name" value="Java Virtual Machine Specification"/>
    <property name="java.library.path" value="/usr/java/packages/lib:/usr/lib/x86_64-linux-gnu/jni:/lib/x86_64-linux-gnu:/usr/lib/x86_64-linux-gnu:/usr/lib/jni:/lib:/usr/lib"/>
    <property name="java.vm.info" value="mixed mode, sharing"/>
    <property name="java.vendor" value="Private Build"/>
    <property name="java.vm.version" value="14.0.2+12-Ubuntu-120.04"/>
    <property name="sun.io.unicode.encoding" value="UnicodeLittle"/>
    <property name="java.class.version" value="58.0"/>
  </properties>
</testsuite>